<?xml version="1.0" encoding="utf-8"?><testsuites name="pytest tests"><testsuite name="pytest" errors="0" failures="0" skipped="1" tests="5" time="46.681" timestamp="2026-01-06T14:06:51.940244+00:00" hostname="agent-env-b212c511-95cc-4480-975c-e839bced80b4"><testcase classname="tests.test_compliance_content_generation.TestComplianceContentGeneration" name="test_01_generate_young_energetic_developer_compliant" time="5.920" /><testcase classname="tests.test_compliance_content_generation.TestComplianceContentGeneration" name="test_02_generate_fresh_blood_digital_natives_compliant" time="6.562" /><testcase classname="tests.test_compliance_content_generation.TestComplianceContentGeneration" name="test_03_verify_strategic_profile_usage" time="0.289"><skipped type="pytest.skip" message="Could not fetch strategic profiles">/app/tests/test_compliance_content_generation.py:183: Could not fetch strategic profiles</skipped></testcase><testcase classname="tests.test_compliance_content_generation.TestComplianceContentGeneration" name="test_04_generate_and_analyze_score_above_80" time="27.153" /><testcase classname="tests.test_compliance_content_generation.TestComplianceContentGeneration" name="test_05_sync_generate_endpoint_compliance" time="6.707" /></testsuite></testsuites>