<?xml version="1.0" encoding="utf-8"?><testsuites name="pytest tests"><testsuite name="pytest" errors="0" failures="0" skipped="0" tests="11" time="0.598" timestamp="2026-01-11T23:37:58.373711+00:00" hostname="agent-env-366ab8fe-3d49-4f95-9e22-9b160b83a5ae"><testcase classname="tests.test_auto_refill_stripe_email.TestAutoRefillTriggerEndpoint" name="test_trigger_without_force_charge_returns_pending_when_below_threshold" time="0.090" /><testcase classname="tests.test_auto_refill_stripe_email.TestAutoRefillTriggerEndpoint" name="test_trigger_with_force_charge_attempts_stripe_payment" time="0.055" /><testcase classname="tests.test_auto_refill_stripe_email.TestAutoRefillTriggerEndpoint" name="test_trigger_returns_not_triggered_when_disabled" time="0.054" /><testcase classname="tests.test_auto_refill_stripe_email.TestAutoRefillTriggerEndpoint" name="test_trigger_returns_not_triggered_when_above_threshold" time="0.058" /><testcase classname="tests.test_auto_refill_stripe_email.TestCheckWarningEndpoint" name="test_check_warning_endpoint_exists" time="0.042" /><testcase classname="tests.test_auto_refill_stripe_email.TestCheckWarningEndpoint" name="test_check_warning_when_auto_refill_disabled" time="0.055" /><testcase classname="tests.test_auto_refill_stripe_email.TestCheckWarningEndpoint" name="test_check_warning_rate_limiting" time="0.062" /><testcase classname="tests.test_auto_refill_stripe_email.TestEmailServiceFunctions" name="test_email_functions_exist" time="0.001" /><testcase classname="tests.test_auto_refill_stripe_email.TestEmailServiceFunctions" name="test_email_functions_are_async" time="0.000" /><testcase classname="tests.test_auto_refill_stripe_email.TestAutoRefillStatusValues" name="test_trigger_status_values" time="0.048" /><testcase classname="tests.test_auto_refill_stripe_email.TestAutoRefillWarningsCollection" name="test_warning_tracking_in_database" time="0.060" /></testsuite></testsuites>