<?xml version="1.0" encoding="utf-8"?><testsuites name="pytest tests"><testsuite name="pytest" errors="0" failures="0" skipped="0" tests="17" time="43.216" timestamp="2026-01-08T21:55:32.612126+00:00" hostname="agent-env-582cb512-fb57-4b62-aa7f-8c074a89bbbd"><testcase classname="tests.test_credit_consumption.TestCreditBalanceEndpoint" name="test_new_user_gets_free_plan_with_25_credits" time="0.011" /><testcase classname="tests.test_credit_consumption.TestCreditBalanceEndpoint" name="test_balance_includes_required_fields" time="0.006" /><testcase classname="tests.test_credit_consumption.TestCreditBalanceEndpoint" name="test_balance_features_match_free_plan" time="0.006" /><testcase classname="tests.test_credit_consumption.TestContentGenerationInsufficientCredits" name="test_content_generation_returns_402_for_free_tier" time="0.020" /><testcase classname="tests.test_credit_consumption.TestContentGenerationInsufficientCredits" name="test_content_generation_error_includes_action_info" time="0.007" /><testcase classname="tests.test_credit_consumption.TestContentAnalysisCredits" name="test_content_analysis_consumes_10_credits" time="21.976" /><testcase classname="tests.test_credit_consumption.TestContentAnalysisCredits" name="test_content_analysis_returns_analysis_result" time="20.958" /><testcase classname="tests.test_credit_consumption.TestVideoAnalysisEndpoint" name="test_video_analyze_endpoint_exists" time="0.004" /><testcase classname="tests.test_credit_consumption.TestVideoAnalysisEndpoint" name="test_video_analyze_requires_video_url" time="0.005" /><testcase classname="tests.test_credit_consumption.TestVideoAnalysisEndpoint" name="test_video_analyze_with_invalid_url" time="0.121" /><testcase classname="tests.test_credit_consumption.TestVideoAnalysisEndpoint" name="test_video_analyses_list_endpoint_exists" time="0.006" /><testcase classname="tests.test_credit_consumption.TestCreditHistoryEndpoint" name="test_credit_history_returns_transactions" time="0.005" /><testcase classname="tests.test_credit_consumption.TestCreditHistoryEndpoint" name="test_credit_history_records_consumption" time="0.011" /><testcase classname="tests.test_credit_consumption.TestCreditHistoryEndpoint" name="test_credit_history_supports_pagination" time="0.005" /><testcase classname="tests.test_credit_consumption.TestCreditCostsVerification" name="test_credit_costs_match_pricing_v3" time="0.005" /><testcase classname="tests.test_credit_consumption.TestCreditCostsVerification" name="test_free_plan_has_25_credits" time="0.004" /><testcase classname="tests.test_credit_consumption.TestCreditConsumptionFlow" name="test_consume_credits_deducts_balance" time="0.016" /></testsuite></testsuites>