<?xml version="1.0" encoding="utf-8"?><testsuites name="pytest tests"><testsuite name="pytest" errors="0" failures="0" skipped="0" tests="7" time="1.924" timestamp="2026-01-03T11:55:56.263895+00:00" hostname="agent-env-704e6d3a-bbd4-429f-918f-cd064704a63a"><testcase classname="tests.test_documentation_and_team.TestAuthentication" name="test_demo_admin_login" time="0.312" /><testcase classname="tests.test_documentation_and_team.TestTeamManagementAPI" name="test_list_team_members" time="0.301" /><testcase classname="tests.test_documentation_and_team.TestTeamManagementAPI" name="test_role_change_api_endpoint_exists" time="0.301" /><testcase classname="tests.test_documentation_and_team.TestTeamManagementAPI" name="test_role_change_validation" time="0.306" /><testcase classname="tests.test_documentation_and_team.TestTeamManagementAPI" name="test_role_change_self_prevention" time="0.301" /><testcase classname="tests.test_documentation_and_team.TestDatabaseHealth" name="test_database_health" time="0.043" /><testcase classname="tests.test_documentation_and_team.TestTeamInvitation" name="test_invite_member_validation" time="0.303" /></testsuite></testsuites>