<?xml version="1.0" encoding="utf-8"?><testsuites name="pytest tests"><testsuite name="pytest" errors="0" failures="0" skipped="0" tests="11" time="25.149" timestamp="2026-01-05T13:34:28.696802+00:00" hostname="agent-env-99ee750e-19b6-4dab-b814-6a82eb847e45"><testcase classname="tests.test_password_change_and_sentiment.TestSetInitialPassword" name="test_set_initial_password_user_not_found" time="0.076" /><testcase classname="tests.test_password_change_and_sentiment.TestSetInitialPassword" name="test_set_initial_password_wrong_temp_password" time="0.264" /><testcase classname="tests.test_password_change_and_sentiment.TestSetInitialPassword" name="test_set_initial_password_not_required" time="0.261" /><testcase classname="tests.test_password_change_and_sentiment.TestSetInitialPassword" name="test_set_initial_password_weak_password" time="0.261" /><testcase classname="tests.test_password_change_and_sentiment.TestLoginMustChangePassword" name="test_login_success_no_password_change" time="0.267" /><testcase classname="tests.test_password_change_and_sentiment.TestLoginMustChangePassword" name="test_login_returns_user_info" time="0.266" /><testcase classname="tests.test_password_change_and_sentiment.TestSentimentAnalysis" name="test_sentiment_analysis_endpoint_exists" time="5.179" /><testcase classname="tests.test_password_change_and_sentiment.TestSentimentAnalysis" name="test_sentiment_analysis_with_valid_url" time="12.344" /><testcase classname="tests.test_password_change_and_sentiment.TestSentimentAnalysis" name="test_sentiment_analysis_no_network_error" time="5.609" /><testcase classname="tests.test_password_change_and_sentiment.TestAuthEndpoints" name="test_login_endpoint_works" time="0.279" /><testcase classname="tests.test_password_change_and_sentiment.TestAuthEndpoints" name="test_login_invalid_credentials" time="0.265" /></testsuite></testsuites>