<?xml version="1.0" encoding="utf-8"?><testsuites name="pytest tests"><testsuite name="pytest" errors="0" failures="0" skipped="0" tests="10" time="2.236" timestamp="2026-01-11T23:21:23.342010+00:00" hostname="agent-env-366ab8fe-3d49-4f95-9e22-9b160b83a5ae"><testcase classname="tests.test_auto_refill.TestAutoRefillPacks" name="test_get_auto_refill_packs" time="0.009" /><testcase classname="tests.test_auto_refill.TestAutoRefillSettings" name="test_get_auto_refill_settings_default" time="0.262" /><testcase classname="tests.test_auto_refill.TestAutoRefillSettings" name="test_update_auto_refill_settings_enable" time="0.260" /><testcase classname="tests.test_auto_refill.TestAutoRefillSettings" name="test_update_auto_refill_settings_disable" time="0.235" /><testcase classname="tests.test_auto_refill.TestAutoRefillSettings" name="test_update_auto_refill_invalid_pack" time="0.234" /><testcase classname="tests.test_auto_refill.TestAutoRefillSettings" name="test_update_auto_refill_threshold_validation" time="0.234" /><testcase classname="tests.test_auto_refill.TestAutoRefillSettings" name="test_update_auto_refill_max_refills_validation" time="0.234" /><testcase classname="tests.test_auto_refill.TestAutoRefillHistory" name="test_get_auto_refill_history" time="0.233" /><testcase classname="tests.test_auto_refill.TestAutoRefillTrigger" name="test_trigger_auto_refill_disabled" time="0.239" /><testcase classname="tests.test_auto_refill.TestAutoRefillTrigger" name="test_trigger_auto_refill_above_threshold" time="0.242" /></testsuite></testsuites>