<?xml version="1.0" encoding="utf-8"?><testsuites name="pytest tests"><testsuite name="pytest" errors="0" failures="0" skipped="0" tests="9" time="80.461" timestamp="2026-01-05T14:04:54.297955+00:00" hostname="agent-env-99ee750e-19b6-4dab-b814-6a82eb847e45"><testcase classname="tests.test_iterative_rewrite.TestIterativeRewrite" name="test_rewrite_endpoint_exists" time="16.732" /><testcase classname="tests.test_iterative_rewrite.TestIterativeRewrite" name="test_rewrite_requires_content" time="0.374" /><testcase classname="tests.test_iterative_rewrite.TestIterativeRewrite" name="test_iterative_rewrite_returns_expected_fields" time="14.513" /><testcase classname="tests.test_iterative_rewrite.TestIterativeRewrite" name="test_iterative_rewrite_improves_score" time="12.265" /><testcase classname="tests.test_iterative_rewrite.TestIterativeRewrite" name="test_high_quality_content_returns_immediately" time="3.535" /><testcase classname="tests.test_iterative_rewrite.TestIterativeRewrite" name="test_rewrite_with_promotional_flag" time="3.795" /><testcase classname="tests.test_iterative_rewrite.TestIterativeRewrite" name="test_iterations_array_contains_score_history" time="13.055" /><testcase classname="tests.test_iterative_rewrite.TestIterativeRewrite" name="test_message_field_describes_result" time="14.615" /><testcase classname="tests.test_iterative_rewrite.TestNonIterativeRewrite" name="test_non_iterative_mode" time="1.524" /></testsuite></testsuites>