<?xml version="1.0" encoding="utf-8"?><testsuites name="pytest tests"><testsuite name="pytest" errors="0" failures="0" skipped="0" tests="18" time="0.990" timestamp="2026-01-08T10:00:29.587487+00:00" hostname="agent-env-b212c511-95cc-4480-975c-e839bced80b4"><testcase classname="tests.test_credits.TestCreditPacks" name="test_get_credit_packs_returns_all_packs" time="0.130" /><testcase classname="tests.test_credits.TestCreditPacks" name="test_credit_packs_have_correct_prices" time="0.045" /><testcase classname="tests.test_credits.TestCreditPacks" name="test_credit_packs_have_savings_percent" time="0.043" /><testcase classname="tests.test_credits.TestCreditPlans" name="test_get_plans_returns_all_tiers" time="0.044" /><testcase classname="tests.test_credits.TestCreditPlans" name="test_plans_have_correct_credit_allowances" time="0.041" /><testcase classname="tests.test_credits.TestCreditPlans" name="test_plans_have_overage_rates" time="0.041" /><testcase classname="tests.test_credits.TestCreditBalance" name="test_get_balance_returns_user_credits" time="0.311" /><testcase classname="tests.test_credits.TestCreditBalance" name="test_balance_has_billing_cycle_info" time="0.013" /><testcase classname="tests.test_credits.TestCreditBalance" name="test_balance_requires_authentication" time="0.039" /><testcase classname="tests.test_credits.TestCreditConsumption" name="test_consume_credits_deducts_balance" time="0.028" /><testcase classname="tests.test_credits.TestCreditConsumption" name="test_consume_credits_logs_transaction" time="0.012" /><testcase classname="tests.test_credits.TestCreditConsumption" name="test_consume_invalid_action_fails" time="0.011" /><testcase classname="tests.test_credits.TestCreditHistory" name="test_get_history_returns_transactions" time="0.013" /><testcase classname="tests.test_credits.TestCreditHistory" name="test_history_transactions_have_required_fields" time="0.011" /><testcase classname="tests.test_credits.TestCreditHistory" name="test_history_supports_pagination" time="0.012" /><testcase classname="tests.test_credits.TestCreditCosts" name="test_get_costs_returns_all_actions" time="0.065" /><testcase classname="tests.test_credits.TestCreditCosts" name="test_costs_are_categorized" time="0.039" /><testcase classname="tests.test_credits.TestCreditCheck" name="test_check_credits_available" time="0.011" /></testsuite></testsuites>