<?xml version="1.0" encoding="utf-8"?><testsuites name="pytest tests"><testsuite name="pytest" errors="0" failures="0" skipped="0" tests="10" time="2.520" timestamp="2026-01-04T10:23:05.191936+00:00" hostname="agent-env-704e6d3a-bbd4-429f-918f-cd064704a63a"><testcase classname="tests.test_demo_login.TestDemoLogin" name="test_admin_login" time="0.298" /><testcase classname="tests.test_demo_login.TestDemoLogin" name="test_manager_login" time="0.265" /><testcase classname="tests.test_demo_login.TestDemoLogin" name="test_creator_login" time="0.264" /><testcase classname="tests.test_demo_login.TestDemoLogin" name="test_reviewer_login" time="0.266" /><testcase classname="tests.test_demo_login.TestDemoLogin" name="test_invalid_password" time="0.266" /><testcase classname="tests.test_demo_login.TestDemoLogin" name="test_invalid_email" time="0.037" /><testcase classname="tests.test_demo_login.TestDemoUserData" name="test_admin_has_correct_role" time="0.261" /><testcase classname="tests.test_demo_login.TestDemoUserData" name="test_manager_has_correct_role" time="0.262" /><testcase classname="tests.test_demo_login.TestDemoUserData" name="test_creator_has_correct_role" time="0.264" /><testcase classname="tests.test_demo_login.TestDemoUserData" name="test_reviewer_has_correct_role" time="0.262" /></testsuite></testsuites>