<?xml version="1.0" encoding="utf-8"?><testsuites name="pytest tests"><testsuite name="pytest" errors="0" failures="0" skipped="0" tests="21" time="0.993" timestamp="2026-01-12T15:57:00.503931+00:00" hostname="agent-env-631778e3-4920-4eb3-9855-3c5452a67b38"><testcase classname="tests.test_token_management.TestTokenManagementAccessControl" name="test_realtime_stats_requires_super_admin" time="0.082" /><testcase classname="tests.test_token_management.TestTokenManagementAccessControl" name="test_usage_summary_requires_super_admin" time="0.043" /><testcase classname="tests.test_token_management.TestTokenManagementAccessControl" name="test_alerts_requires_super_admin" time="0.041" /><testcase classname="tests.test_token_management.TestTokenManagementAccessControl" name="test_no_user_id_returns_401" time="0.033" /><testcase classname="tests.test_token_management.TestRealtimeStats" name="test_realtime_stats_success" time="0.036" /><testcase classname="tests.test_token_management.TestUsageSummary" name="test_usage_summary_default" time="0.039" /><testcase classname="tests.test_token_management.TestUsageSummary" name="test_usage_summary_with_days_param" time="0.043" /><testcase classname="tests.test_token_management.TestUsageSummary" name="test_usage_summary_with_group_by" time="0.036" /><testcase classname="tests.test_token_management.TestUsageByAgent" name="test_usage_by_agent" time="0.037" /><testcase classname="tests.test_token_management.TestUsageByModel" name="test_usage_by_model" time="0.036" /><testcase classname="tests.test_token_management.TestTopUsers" name="test_top_users" time="0.039" /><testcase classname="tests.test_token_management.TestTopUsers" name="test_top_users_with_limit" time="0.038" /><testcase classname="tests.test_token_management.TestAlerts" name="test_get_alerts" time="0.041" /><testcase classname="tests.test_token_management.TestAlerts" name="test_get_alerts_with_severity_filter" time="0.038" /><testcase classname="tests.test_token_management.TestAlerts" name="test_get_alerts_include_acknowledged" time="0.042" /><testcase classname="tests.test_token_management.TestAlertConfig" name="test_get_alert_config" time="0.037" /><testcase classname="tests.test_token_management.TestAlertConfig" name="test_update_alert_config" time="0.113" /><testcase classname="tests.test_token_management.TestAlertAcknowledge" name="test_acknowledge_nonexistent_alert" time="0.039" /><testcase classname="tests.test_token_management.TestCostComparison" name="test_cost_comparison" time="0.039" /><testcase classname="tests.test_token_management.TestCostProjection" name="test_cost_projection" time="0.040" /><testcase classname="tests.test_token_management.TestRecommendations" name="test_recommendations" time="0.043" /></testsuite></testsuites>