<?xml version="1.0" encoding="utf-8"?><testsuites name="pytest tests"><testsuite name="pytest" errors="0" failures="1" skipped="0" tests="8" time="1.169" timestamp="2026-01-06T16:21:08.325252+00:00" hostname="agent-env-b212c511-95cc-4480-975c-e839bced80b4"><testcase classname="tests.test_approval_workflow.TestApprovalWorkflow" name="test_01_creator_login" time="0.300" /><testcase classname="tests.test_approval_workflow.TestApprovalWorkflow" name="test_02_create_post_no_auth_error" time="0.041" /><testcase classname="tests.test_approval_workflow.TestApprovalWorkflow" name="test_03_submit_for_approval_no_auth_error" time="0.277" /><testcase classname="tests.test_approval_workflow.TestApprovalWorkflow" name="test_04_verify_pending_approval_status" time="0.305"><failure message="AssertionError: Post 35084d9d-0021-46b8-b54d-6bcd557feea0 not found in pending_approval posts&#10;assert '35084d9d-0021-46b8-b54d-6bcd557feea0' in ['95f45e26-6961-4325-a98f-40e0e92d9b95', '964782a0-618c-49b5-bf0d-e9a25ee2cec9']">tests/test_approval_workflow.py:123: in test_04_verify_pending_approval_status
    assert post_id in post_ids, f"Post {post_id} not found in pending_approval posts"
E   AssertionError: Post 35084d9d-0021-46b8-b54d-6bcd557feea0 not found in pending_approval posts
E   assert '35084d9d-0021-46b8-b54d-6bcd557feea0' in ['95f45e26-6961-4325-a98f-40e0e92d9b95', '964782a0-618c-49b5-bf0d-e9a25ee2cec9']</failure></testcase><testcase classname="tests.test_approval_workflow.TestApprovalWorkflow" name="test_05_schedule_prompt_needs_approval" time="0.051" /><testcase classname="tests.test_approval_workflow.TestApprovalWorkflow" name="test_06_all_posts_shows_pending_approval" time="0.044" /><testcase classname="tests.test_approval_workflow.TestApprovalWorkflow" name="test_07_user_permissions_shows_needs_approval" time="0.042" /><testcase classname="tests.test_approval_workflow.TestCleanup" name="test_cleanup_test_posts" time="0.040" /></testsuite></testsuites>