<?xml version="1.0" encoding="utf-8"?><testsuites name="pytest tests"><testsuite name="pytest" errors="0" failures="0" skipped="0" tests="19" time="6.766" timestamp="2026-01-15T09:59:52.852318+00:00" hostname="agent-env-7f24cf27-5047-4009-acc4-36d43c53a63e"><testcase classname="tests.test_subscription_checkout.TestDemoUserLogin" name="test_create_demo_user" time="0.256" /><testcase classname="tests.test_subscription_checkout.TestDemoUserLogin" name="test_demo_user_login" time="0.231" /><testcase classname="tests.test_subscription_checkout.TestLocationBasedPricing" name="test_plans_default_usd" time="0.004" /><testcase classname="tests.test_subscription_checkout.TestLocationBasedPricing" name="test_plans_us_country_code" time="0.003" /><testcase classname="tests.test_subscription_checkout.TestLocationBasedPricing" name="test_plans_gb_country_code" time="0.003" /><testcase classname="tests.test_subscription_checkout.TestLocationBasedPricing" name="test_plans_de_country_code" time="0.002" /><testcase classname="tests.test_subscription_checkout.TestLocationBasedPricing" name="test_plans_no_country_code" time="0.002" /><testcase classname="tests.test_subscription_checkout.TestLocationBasedPricing" name="test_plans_unknown_country_defaults_usd" time="0.003" /><testcase classname="tests.test_subscription_checkout.TestLocationBasedPricing" name="test_plans_currency_override" time="0.002" /><testcase classname="tests.test_subscription_checkout.TestSubscriptionCheckout" name="test_checkout_free_plan" time="0.468" /><testcase classname="tests.test_subscription_checkout.TestSubscriptionCheckout" name="test_checkout_starter_plan_returns_stripe_url" time="0.931" /><testcase classname="tests.test_subscription_checkout.TestSubscriptionCheckout" name="test_checkout_creator_plan_monthly" time="0.828" /><testcase classname="tests.test_subscription_checkout.TestSubscriptionCheckout" name="test_checkout_creator_plan_annual" time="0.815" /><testcase classname="tests.test_subscription_checkout.TestSubscriptionCheckout" name="test_checkout_pro_plan" time="0.801" /><testcase classname="tests.test_subscription_checkout.TestSubscriptionCheckout" name="test_checkout_invalid_package" time="0.459" /><testcase classname="tests.test_subscription_checkout.TestSubscriptionCheckout" name="test_checkout_enterprise_requires_sales" time="0.458" /><testcase classname="tests.test_subscription_checkout.TestSubscriptionPackages" name="test_get_packages" time="0.134" /><testcase classname="tests.test_subscription_checkout.TestResponseFormat" name="test_checkout_response_format" time="0.824" /><testcase classname="tests.test_subscription_checkout.TestResponseFormat" name="test_plans_response_format" time="0.456" /></testsuite></testsuites>