<?xml version="1.0" encoding="utf-8"?><testsuites name="pytest tests"><testsuite name="pytest" errors="0" failures="1" skipped="0" tests="9" time="2.894" timestamp="2026-01-04T10:32:49.095580+00:00" hostname="agent-env-704e6d3a-bbd4-429f-918f-cd064704a63a"><testcase classname="tests.test_demo_data_part2.TestDemoLogin" name="test_admin_login" time="0.301" /><testcase classname="tests.test_demo_data_part2.TestDemoLogin" name="test_manager_login" time="0.265" /><testcase classname="tests.test_demo_data_part2.TestDemoLogin" name="test_creator_login" time="0.267" /><testcase classname="tests.test_demo_data_part2.TestDemoLogin" name="test_compliance_login" time="0.269" /><testcase classname="tests.test_demo_data_part2.TestScheduledPosts" name="test_get_posts_list" time="0.277"><failure message="AttributeError: 'list' object has no attribute 'get'">tests/test_demo_data_part2.py:131: in test_get_posts_list
    posts = data.get("posts", [])
            ^^^^^^^^
E   AttributeError: 'list' object has no attribute 'get'</failure></testcase><testcase classname="tests.test_demo_data_part2.TestApprovalWorkflows" name="test_get_approval_workflows" time="0.271" /><testcase classname="tests.test_demo_data_part2.TestLinkedInIntegration" name="test_get_social_profiles" time="0.604" /><testcase classname="tests.test_demo_data_part2.TestDatabaseContent" name="test_dashboard_stats" time="0.282" /><testcase classname="tests.test_demo_data_part2.TestDatabaseContent" name="test_notifications" time="0.276" /></testsuite></testsuites>