<?xml version="1.0" encoding="utf-8"?><testsuites name="pytest tests"><testsuite name="pytest" errors="0" failures="2" skipped="0" tests="10" time="350.385" timestamp="2026-01-04T21:02:58.796755+00:00" hostname="agent-env-712283d1-40f6-4048-b692-8ef2fc7b7f63"><testcase classname="tests.test_employment_law_agent.TestEmploymentLawAgent" name="test_content_analysis_detects_age_discrimination" time="33.938" /><testcase classname="tests.test_employment_law_agent.TestEmploymentLawAgent" name="test_content_analysis_detects_gendered_language" time="34.543" /><testcase classname="tests.test_employment_law_agent.TestEmploymentLawAgent" name="test_content_analysis_detects_disability_discrimination" time="51.927" /><testcase classname="tests.test_employment_law_agent.TestEmploymentLawAgent" name="test_content_analysis_detects_culture_exclusion" time="58.571"><failure message="AssertionError: Should detect violations&#10;assert False == True&#10; +  where False = &lt;built-in method get of dict object at 0xff3fe7cdcd40&gt;('violations_found')&#10; +    where &lt;built-in method get of dict object at 0xff3fe7cdcd40&gt; = {'analysis_type': 'skipped', 'is_hr_content': False, 'models_used': [], 'violations_found': False}.get">tests/test_employment_law_agent.py:135: in test_content_analysis_detects_culture_exclusion
    assert emp_check.get("violations_found") == True, "Should detect violations"
E   AssertionError: Should detect violations
E   assert False == True
E    +  where False = &lt;built-in method get of dict object at 0xff3fe7cdcd40&gt;('violations_found')
E    +    where &lt;built-in method get of dict object at 0xff3fe7cdcd40&gt; = {'analysis_type': 'skipped', 'is_hr_content': False, 'models_used': [], 'violations_found': False}.get</failure></testcase><testcase classname="tests.test_employment_law_agent.TestEmploymentLawAgent" name="test_content_analysis_full_violation_content" time="50.263" /><testcase classname="tests.test_employment_law_agent.TestEmploymentLawAgent" name="test_content_analysis_clean_content" time="24.513" /><testcase classname="tests.test_employment_law_agent.TestEmploymentLawAgent" name="test_content_analysis_returns_recommendations" time="36.119" /><testcase classname="tests.test_employment_law_agent.TestContentAnalysisAPI" name="test_api_requires_authentication" time="0.004" /><testcase classname="tests.test_employment_law_agent.TestContentAnalysisAPI" name="test_api_returns_scores" time="21.671" /><testcase classname="tests.test_employment_law_agent.TestContentAnalysisAPI" name="test_api_returns_cultural_analysis" time="38.731"><failure message="assert 429 == 200&#10; +  where 429 = &lt;Response [429]&gt;.status_code">tests/test_employment_law_agent.py:309: in test_api_returns_cultural_analysis
    assert response.status_code == 200
E   assert 429 == 200
E    +  where 429 = &lt;Response [429]&gt;.status_code</failure></testcase></testsuite></testsuites>